[debug] [2021-04-16T08:49:13.145Z] ----------------------------------------------------------------------
[debug] [2021-04-16T08:49:13.156Z] Command:       C:\Program Files\nodejs\node.exe C:\Users\dhima\AppData\Roaming\npm\node_modules\firebase-tools\lib\bin\firebase.js init
[debug] [2021-04-16T08:49:13.157Z] CLI Version:   9.9.0
[debug] [2021-04-16T08:49:13.157Z] Platform:      win32
[debug] [2021-04-16T08:49:13.157Z] Node Version:  v15.11.0
[debug] [2021-04-16T08:49:13.216Z] Time:          Fri Apr 16 2021 14:34:13 GMT+0545 (Nepal Time)
[debug] [2021-04-16T08:49:13.216Z] ----------------------------------------------------------------------
[debug] 
[debug] [2021-04-16T08:49:13.240Z] >>> [apiv2][query] GET https://firebase-public.firebaseio.com/cli.json [none]
[debug] [2021-04-16T08:49:13.307Z] > command requires scopes: ["email","openid","https://www.googleapis.com/auth/cloudplatformprojects.readonly","https://www.googleapis.com/auth/firebase","https://www.googleapis.com/auth/cloud-platform"]
[debug] [2021-04-16T08:49:13.307Z] > authorizing via signed-in user (dhimalsaugat77@gmail.com)
[info] 
     ######## #### ########  ######## ########     ###     ######  ########
     ##        ##  ##     ## ##       ##     ##  ##   ##  ##       ##
     ######    ##  ########  ######   ########  #########  ######  ######
     ##        ##  ##    ##  ##       ##     ## ##     ##       ## ##
     ##       #### ##     ## ######## ########  ##     ##  ######  ########

You're about to initialize a Firebase project in this directory:

  C:\Users\dhima\Desktop\starbucks-clone\starbucks

[debug] [2021-04-16T08:49:14.383Z] <<< [apiv2][status] GET https://firebase-public.firebaseio.com/cli.json 200
[debug] [2021-04-16T08:49:14.385Z] <<< [apiv2][body] GET https://firebase-public.firebaseio.com/cli.json {"cloudBuildErrorAfter":1594252800000,"cloudBuildWarnAfter":1590019200000,"defaultNode10After":1594252800000,"minVersion":"3.0.5","node8DeploysDisabledAfter":1613390400000,"node8RuntimeDisabledAfter":1615809600000,"node8WarnAfter":1600128000000}
